        -:    0:Source:unittest1.c
        -:    0:Graph:unittest1.gcno
        -:    0:Data:unittest1.gcda
        -:    0:Runs:1
        -:    0:Programs:1
        -:    1:#include "dominion.h"
        -:    2:#include "dominion_helpers.h"
        -:    3:#include "rngs.h"
        -:    4:#include <stdio.h>
        -:    5:#include <math.h>
        -:    6:#include <stdlib.h>
        -:    7:#include <assert.h>
        -:    8:int test(struct gameState* testMe);
function main called 1 returned 100% blocks executed 100%
        -:    9:int main(int argc, char *argv[]) 
        -:   10:{
        1:   11:	printf("+++++STARTING unit test 1: Testing newGame() function+++++\n\n");
        1:   12:	struct gameState* testMe=newGame();
        1:   13:	test(testMe);
        1:   14:	printf("\n\n+++++FINISHED unit test 1: Testing newGame() function+++++\n\n");
        1:   15:}
function test called 1 returned 100% blocks executed 100%
        -:   16:int test(struct gameState* testMe)
        -:   17:{
        -:   18:	//assert that dereferences piece of the gameState actually works. 
        -:   19:	if (sizeof(*testMe)==sizeof(struct gameState))
        1:   20:		printf("1. newGame() correctly allocated space\n");
        -:   21:	else
        -:   22:		printf("newGame() did not correctly allocate space\n");
        1:   23:	printf("newGame() unit test passed\n");
        1:   24:	return 0;
        -:   25:}
