        -:    0:Source:unittest2.c
        -:    0:Graph:unittest2.gcno
        -:    0:Data:unittest2.gcda
        -:    0:Runs:1
        -:    0:Programs:1
        -:    1:#include "dominion.h"
        -:    2:#include "dominion_helpers.h"
        -:    3:#include "rngs.h"
        -:    4:#include <stdio.h>
        -:    5:#include <math.h>
        -:    6:#include <stdlib.h>
        -:    7:#include <assert.h>
        -:    8:int test(int input[10], int output[10]);
        -:    9:int check_card(int card);
function main called 1 returned 100% blocks executed 100%
        1:   10:int main(int argc, char *argv[]) 
        -:   11:{
        -:   12:	
        1:   13:	printf("+++++STARTING unit test 2: Testing kingdomCards() function+++++\n\n");
call    0 returned 100%
        -:   14:
        1:   15:	printf("---GOOD INPUT: TEST ONE: adding adventurer, council_room, feast, gardens, mine, remodel, smithy, village, baron, great_hall to kingdom cards----\n");
call    0 returned 100%
        1:   16:	int setUs[]={adventurer, gardens, embargo, village, minion, mine, cutpurse, sea_hag, tribute, smithy};
        1:   17:	int *kc=kingdomCards(adventurer, gardens, embargo, village, minion, mine, cutpurse, sea_hag, tribute, smithy);
call    0 returned 100%
        1:   18:	test(setUs, kc);
call    0 returned 100%
        -:   19:	
        1:   20:	printf("---BAD INPUT: TEST ONE: adding adventurer, copper, feast, gardens, mine, remodel, smithy, village, baron, great_hall to kingdom cards----\n");
call    0 returned 100%
        1:   21:	int setUs2[]={adventurer, copper, embargo, village, minion, mine, cutpurse, sea_hag, tribute, smithy};
        1:   22:	int *kc2=kingdomCards(adventurer, copper, embargo, village, minion, mine, cutpurse, sea_hag, tribute, smithy);
call    0 returned 100%
        1:   23:	test(setUs2, kc2);
call    0 returned 100%
        -:   24:	
        1:   25:	printf("\n\n+++++FINISHED unit test 2: Testing kingdomCards() function+++++\n\n");
call    0 returned 100%
        1:   26:	return 0;
        -:   27:	
        -:   28:}
function test called 2 returned 100% blocks executed 71%
        2:   29:int test(int setUs[10], int kc[10])
        -:   30:{
        2:   31:	printf("Checking that each kingdom card corresponds to the intended card\n");
call    0 returned 100%
        2:   32:	int i=0;
       22:   33:	for (i=0; i < 10; i++)
branch  0 taken 91%
branch  1 taken 9% (fallthrough)
        -:   34:	{
        -:   35:		
       20:   36:		if (kc[i]==setUs[i])
branch  0 taken 100% (fallthrough)
branch  1 taken 0%
        -:   37:		{
       20:   38:			printf("SUCCESS: Card #%i with enum %i successfully set to kingdom cards array\n", i, kc[i]);
call    0 returned 100%
       20:   39:			if (check_card(kc[i])==-1)
call    0 returned 100%
branch  1 taken 5% (fallthrough)
branch  2 taken 95%
        -:   40:			{
        1:   41:				printf("FAILURE: Function allowed a non-kingdom card to be added\n");
call    0 returned 100%
        -:   42:			}
        -:   43:		}
       20:   44:		if ((kc[i]!=setUs[i])&&(check_card(setUs[i])==-1))
branch  0 taken 0% (fallthrough)
branch  1 taken 100%
call    2 never executed
branch  3 never executed
branch  4 never executed
        -:   45:		{
    #####:   46:			if (check_card(kc[i])==-1)
call    0 never executed
branch  1 never executed
branch  2 never executed
        -:   47:			{
    #####:   48:				printf("SUCCESS: Function did NOT allow a non-kingdom card to be added\n");
call    0 never executed
        -:   49:			}
        -:   50:		}
        -:   51:	}
        2:   52:	return 0;
        -:   53:	
        -:   54:}
function check_card called 20 returned 100% blocks executed 100%
       20:   55:int check_card(int card)
        -:   56:{
       20:   57:	if (card<adventurer)
branch  0 taken 5% (fallthrough)
branch  1 taken 95%
        -:   58:	{
        1:   59:		return -1;
        -:   60:	}
       19:   61:	return 0;
        -:   62:}
